<?xml version="1.0" encoding="UTF-8"?>
<testsuite xmlns:xsi="http://www.w3.org/2001/XMLSchema-instance" xsi:noNamespaceSchemaLocation="https://maven.apache.org/surefire/maven-surefire-plugin/xsd/surefire-test-report-3.0.xsd" version="3.0" name="TestSuite" time="0.714" tests="4" errors="0" skipped="0" failures="0">
  <properties>
[...]
</properties>
  <testcase name="add" classname="testCases.program1" time="0.008">
    <system-out><![CDATA[Summation of 12 and 4 is 16
]]></system-out>
    <system-err><![CDATA[SLF4J: Failed to load class "org.slf4j.impl.StaticLoggerBinder".
SLF4J: Defaulting to no-operation (NOP) logger implementation
SLF4J: See http://www.slf4j.org/codes.html#StaticLoggerBinder for further details.
]]></system-err>
  </testcase>
  <testcase name="add" classname="testCases.program2" time="0.001">
    <system-out><![CDATA[Substraction of 12 and 4 is 8
]]></system-out>
  </testcase>
  <testcase name="add" classname="testCases.program3" time="0.006">
    <system-out><![CDATA[Multiplication of 12 and 4 is 48
]]></system-out>
  </testcase>
  <testcase name="add" classname="testCases.program4" time="0.002">
    <system-out><![CDATA[Division of 12 and 4 is 3
]]></system-out>
  </testcase>
</testsuite>