<?xml version="1.0" encoding="UTF-8"?>
<testng-results ignored="0" total="4" passed="4" failed="0" skipped="0">
  <reporter-output>
  </reporter-output>
  <suite started-at="2023-07-06T23:33:09 IST" name="Practice Suite" finished-at="2023-07-06T23:33:09 IST" duration-ms="119">
    <groups>
    </groups>
    <test started-at="2023-07-06T23:33:09 IST" name="Test 1" finished-at="2023-07-06T23:33:09 IST" duration-ms="53">
      <class name="testCases.program2">
        <test-method signature="add()[pri:0, instance:testCases.program2@6193932a]" started-at="2023-07-06T23:33:09 IST" name="add" finished-at="2023-07-06T23:33:09 IST" duration-ms="0" status="PASS">
          <reporter-output>
          </reporter-output>
        </test-method> <!-- add -->
      </class> <!-- testCases.program2 -->
      <class name="testCases.program1">
        <test-method signature="add()[pri:0, instance:testCases.program1@1a04f701]" started-at="2023-07-06T23:33:09 IST" name="add" finished-at="2023-07-06T23:33:09 IST" duration-ms="6" status="PASS">
          <reporter-output>
          </reporter-output>
        </test-method> <!-- add -->
      </class> <!-- testCases.program1 -->
    </test> <!-- Test 1 -->
    <test started-at="2023-07-06T23:33:09 IST" name="Test 2" finished-at="2023-07-06T23:33:09 IST" duration-ms="4">
      <class name="testCases.program3">
        <test-method signature="add()[pri:0, instance:testCases.program3@4c9f8c13]" started-at="2023-07-06T23:33:09 IST" name="add" finished-at="2023-07-06T23:33:09 IST" duration-ms="0" status="PASS">
          <reporter-output>
          </reporter-output>
        </test-method> <!-- add -->
      </class> <!-- testCases.program3 -->
    </test> <!-- Test 2 -->
    <test started-at="2023-07-06T23:33:09 IST" name="Test 3" finished-at="2023-07-06T23:33:09 IST" duration-ms="6">
      <class name="testCases.program4">
        <test-method signature="add()[pri:0, instance:testCases.program4@be64738]" started-at="2023-07-06T23:33:09 IST" name="add" finished-at="2023-07-06T23:33:09 IST" duration-ms="1" status="PASS">
          <reporter-output>
          </reporter-output>
        </test-method> <!-- add -->
      </class> <!-- testCases.program4 -->
    </test> <!-- Test 3 -->
  </suite> <!-- Practice Suite -->
</testng-results>
